{"name":"hexo","hostname":"mywifi.local","pid":10160,"level":20,"msg":"Hexo version: \u001b[35m3.5.0\u001b[39m","time":"2018-02-26T05:28:27.470Z","v":0}
{"name":"hexo","hostname":"mywifi.local","pid":10160,"level":20,"msg":"Working directory: \u001b[35m~/myblog/\u001b[39m","time":"2018-02-26T05:28:27.472Z","v":0}
{"name":"hexo","hostname":"mywifi.local","pid":10160,"level":20,"msg":"Config loaded: \u001b[35m~/myblog/_config.yml\u001b[39m","time":"2018-02-26T05:28:27.538Z","v":0}
{"name":"hexo","hostname":"mywifi.local","pid":10160,"level":20,"msg":"Plugin loaded: \u001b[35mhexo-generator-archive\u001b[39m","time":"2018-02-26T05:28:27.548Z","v":0}
{"name":"hexo","hostname":"mywifi.local","pid":10160,"level":20,"msg":"Plugin loaded: \u001b[35mhexo-generator-category\u001b[39m","time":"2018-02-26T05:28:27.550Z","v":0}
{"name":"hexo","hostname":"mywifi.local","pid":10160,"level":20,"msg":"Plugin loaded: \u001b[35mhexo-generator-index\u001b[39m","time":"2018-02-26T05:28:27.551Z","v":0}
{"name":"hexo","hostname":"mywifi.local","pid":10160,"level":20,"msg":"Plugin loaded: \u001b[35mhexo-generator-tag\u001b[39m","time":"2018-02-26T05:28:27.552Z","v":0}
{"name":"hexo","hostname":"mywifi.local","pid":10160,"level":20,"msg":"Plugin loaded: \u001b[35mhexo-migrator-wordpress\u001b[39m","time":"2018-02-26T05:28:27.673Z","v":0}
{"name":"hexo","hostname":"mywifi.local","pid":10160,"level":20,"msg":"Plugin loaded: \u001b[35mhexo-renderer-ejs\u001b[39m","time":"2018-02-26T05:28:27.675Z","v":0}
{"name":"hexo","hostname":"mywifi.local","pid":10160,"level":20,"msg":"Plugin loaded: \u001b[35mhexo-renderer-marked\u001b[39m","time":"2018-02-26T05:28:27.678Z","v":0}
{"name":"hexo","hostname":"mywifi.local","pid":10160,"level":20,"msg":"Plugin loaded: \u001b[35mhexo-renderer-stylus\u001b[39m","time":"2018-02-26T05:28:27.700Z","v":0}
{"name":"hexo","hostname":"mywifi.local","pid":10160,"level":20,"msg":"Plugin loaded: \u001b[35mhexo-tag-bootstrap\u001b[39m","time":"2018-02-26T05:28:27.703Z","v":0}
{"name":"hexo","hostname":"mywifi.local","pid":10160,"level":20,"msg":"Plugin loaded: \u001b[35mhexo-server\u001b[39m","time":"2018-02-26T05:28:27.747Z","v":0}
{"name":"hexo","hostname":"mywifi.local","pid":10160,"level":20,"msg":"Script loaded: \u001b[35mthemes/landscape/scripts/fancybox.js\u001b[39m","time":"2018-02-26T05:28:27.750Z","v":0}
{"name":"hexo","hostname":"mywifi.local","pid":10160,"level":20,"msg":"Loading database.","time":"2018-02-26T05:28:27.751Z","v":0}
{"name":"hexo","hostname":"mywifi.local","pid":10160,"level":30,"msg":"Start processing","time":"2018-02-26T05:28:27.758Z","v":0}
{"name":"hexo","hostname":"mywifi.local","pid":10160,"level":20,"msg":"Processed: \u001b[35mdebug.log\u001b[39m","time":"2018-02-26T05:28:27.847Z","v":0}
{"name":"hexo","hostname":"mywifi.local","pid":10160,"level":20,"msg":"Theme config loaded.","time":"2018-02-26T05:28:27.975Z","v":0}
{"name":"hexo","hostname":"mywifi.local","pid":10160,"level":20,"msg":"Processed: \u001b[35m_config.yml\u001b[39m","time":"2018-02-26T05:28:27.975Z","v":0}
{"name":"hexo","hostname":"mywifi.local","pid":10160,"level":20,"msg":"Processed: \u001b[35msource/css/style.styl\u001b[39m","time":"2018-02-26T05:28:27.977Z","v":0}
{"name":"hexo","hostname":"mywifi.local","pid":10160,"level":20,"msg":"Processed: \u001b[35msource/fancybox/blank.gif\u001b[39m","time":"2018-02-26T05:28:27.978Z","v":0}
{"name":"hexo","hostname":"mywifi.local","pid":10160,"level":20,"msg":"Processed: \u001b[35msource/fancybox/fancybox_loading.gif\u001b[39m","time":"2018-02-26T05:28:27.978Z","v":0}
{"name":"hexo","hostname":"mywifi.local","pid":10160,"level":20,"msg":"Processed: \u001b[35msource/fancybox/fancybox_loading@2x.gif\u001b[39m","time":"2018-02-26T05:28:27.978Z","v":0}
{"name":"hexo","hostname":"mywifi.local","pid":10160,"level":20,"msg":"Processed: \u001b[35msource/fancybox/fancybox_overlay.png\u001b[39m","time":"2018-02-26T05:28:27.978Z","v":0}
{"name":"hexo","hostname":"mywifi.local","pid":10160,"level":20,"msg":"Processed: \u001b[35msource/fancybox/fancybox_sprite.png\u001b[39m","time":"2018-02-26T05:28:27.979Z","v":0}
{"name":"hexo","hostname":"mywifi.local","pid":10160,"level":20,"msg":"Processed: \u001b[35msource/fancybox/fancybox_sprite@2x.png\u001b[39m","time":"2018-02-26T05:28:27.979Z","v":0}
{"name":"hexo","hostname":"mywifi.local","pid":10160,"level":20,"msg":"Processed: \u001b[35msource/fancybox/jquery.fancybox.css\u001b[39m","time":"2018-02-26T05:28:27.979Z","v":0}
{"name":"hexo","hostname":"mywifi.local","pid":10160,"level":20,"msg":"Processed: \u001b[35msource/fancybox/jquery.fancybox.js\u001b[39m","time":"2018-02-26T05:28:27.979Z","v":0}
{"name":"hexo","hostname":"mywifi.local","pid":10160,"level":20,"msg":"Processed: \u001b[35msource/fancybox/jquery.fancybox.pack.js\u001b[39m","time":"2018-02-26T05:28:27.979Z","v":0}
{"name":"hexo","hostname":"mywifi.local","pid":10160,"level":20,"msg":"Processed: \u001b[35msource/js/script.js\u001b[39m","time":"2018-02-26T05:28:27.979Z","v":0}
{"name":"hexo","hostname":"mywifi.local","pid":10160,"level":20,"msg":"Processed: \u001b[35mlayout/archive.ejs\u001b[39m","time":"2018-02-26T05:28:28.022Z","v":0}
{"name":"hexo","hostname":"mywifi.local","pid":10160,"level":20,"msg":"Processed: \u001b[35mlayout/category.ejs\u001b[39m","time":"2018-02-26T05:28:28.023Z","v":0}
{"name":"hexo","hostname":"mywifi.local","pid":10160,"level":20,"msg":"Processed: \u001b[35mlayout/index.ejs\u001b[39m","time":"2018-02-26T05:28:28.023Z","v":0}
{"name":"hexo","hostname":"mywifi.local","pid":10160,"level":20,"msg":"Processed: \u001b[35mlayout/layout.ejs\u001b[39m","time":"2018-02-26T05:28:28.023Z","v":0}
{"name":"hexo","hostname":"mywifi.local","pid":10160,"level":20,"msg":"Processed: \u001b[35mlayout/page.ejs\u001b[39m","time":"2018-02-26T05:28:28.023Z","v":0}
{"name":"hexo","hostname":"mywifi.local","pid":10160,"level":20,"msg":"Processed: \u001b[35mlayout/post.ejs\u001b[39m","time":"2018-02-26T05:28:28.023Z","v":0}
{"name":"hexo","hostname":"mywifi.local","pid":10160,"level":20,"msg":"Processed: \u001b[35mlayout/tag.ejs\u001b[39m","time":"2018-02-26T05:28:28.023Z","v":0}
{"name":"hexo","hostname":"mywifi.local","pid":10160,"level":20,"msg":"Processed: \u001b[35mlanguages/de.yml\u001b[39m","time":"2018-02-26T05:28:28.036Z","v":0}
{"name":"hexo","hostname":"mywifi.local","pid":10160,"level":20,"msg":"Processed: \u001b[35mlanguages/default.yml\u001b[39m","time":"2018-02-26T05:28:28.036Z","v":0}
{"name":"hexo","hostname":"mywifi.local","pid":10160,"level":20,"msg":"Processed: \u001b[35mlanguages/es.yml\u001b[39m","time":"2018-02-26T05:28:28.036Z","v":0}
{"name":"hexo","hostname":"mywifi.local","pid":10160,"level":20,"msg":"Processed: \u001b[35mlanguages/fr.yml\u001b[39m","time":"2018-02-26T05:28:28.036Z","v":0}
{"name":"hexo","hostname":"mywifi.local","pid":10160,"level":20,"msg":"Processed: \u001b[35mlanguages/ja.yml\u001b[39m","time":"2018-02-26T05:28:28.036Z","v":0}
{"name":"hexo","hostname":"mywifi.local","pid":10160,"level":20,"msg":"Processed: \u001b[35mlanguages/ko.yml\u001b[39m","time":"2018-02-26T05:28:28.036Z","v":0}
{"name":"hexo","hostname":"mywifi.local","pid":10160,"level":20,"msg":"Processed: \u001b[35mlanguages/nl.yml\u001b[39m","time":"2018-02-26T05:28:28.036Z","v":0}
{"name":"hexo","hostname":"mywifi.local","pid":10160,"level":20,"msg":"Processed: \u001b[35mlanguages/no.yml\u001b[39m","time":"2018-02-26T05:28:28.036Z","v":0}
{"name":"hexo","hostname":"mywifi.local","pid":10160,"level":20,"msg":"Processed: \u001b[35mlanguages/pt.yml\u001b[39m","time":"2018-02-26T05:28:28.036Z","v":0}
{"name":"hexo","hostname":"mywifi.local","pid":10160,"level":20,"msg":"Processed: \u001b[35mlanguages/ru.yml\u001b[39m","time":"2018-02-26T05:28:28.037Z","v":0}
{"name":"hexo","hostname":"mywifi.local","pid":10160,"level":20,"msg":"Processed: \u001b[35mlanguages/zh-CN.yml\u001b[39m","time":"2018-02-26T05:28:28.037Z","v":0}
{"name":"hexo","hostname":"mywifi.local","pid":10160,"level":20,"msg":"Processed: \u001b[35mlanguages/zh-TW.yml\u001b[39m","time":"2018-02-26T05:28:28.037Z","v":0}
{"name":"hexo","hostname":"mywifi.local","pid":10160,"level":20,"msg":"Processed: \u001b[35m_posts/006bdbdbef35aa1e6bf2b3245c973c5a.md\u001b[39m","time":"2018-02-26T05:28:28.046Z","v":0}
{"name":"hexo","hostname":"mywifi.local","pid":10160,"level":20,"msg":"Processed: \u001b[35m_posts/30d75fc1c7cf126c4abc187d734caf8b.md\u001b[39m","time":"2018-02-26T05:28:28.048Z","v":0}
{"name":"hexo","hostname":"mywifi.local","pid":10160,"level":20,"msg":"Processed: \u001b[35m_posts/073c63c1aa3430f492d13288b7bbbc0d.md\u001b[39m","time":"2018-02-26T05:28:28.049Z","v":0}
{"name":"hexo","hostname":"mywifi.local","pid":10160,"level":20,"msg":"Processed: \u001b[35m_posts/8b6fa0850f4e9ee9b55c1dc2e1197f7a.md\u001b[39m","time":"2018-02-26T05:28:28.051Z","v":0}
{"name":"hexo","hostname":"mywifi.local","pid":10160,"level":20,"msg":"Processed: \u001b[35m_posts/96913359a7d9fe881a0e6c520a7d2ded.md\u001b[39m","time":"2018-02-26T05:28:28.053Z","v":0}
{"name":"hexo","hostname":"mywifi.local","pid":10160,"level":20,"msg":"Processed: \u001b[35m_posts/2014年，是这样的一年.md\u001b[39m","time":"2018-02-26T05:28:28.058Z","v":0}
{"name":"hexo","hostname":"mywifi.local","pid":10160,"level":20,"msg":"Processed: \u001b[35m_posts/2012年的暑假.md\u001b[39m","time":"2018-02-26T05:28:28.060Z","v":0}
{"name":"hexo","hostname":"mywifi.local","pid":10160,"level":20,"msg":"Processed: \u001b[35msource/css/fonts/FontAwesome.otf\u001b[39m","time":"2018-02-26T05:28:28.069Z","v":0}
{"name":"hexo","hostname":"mywifi.local","pid":10160,"level":20,"msg":"Processed: \u001b[35m_posts/32位win7系统支持4g内存办法.md\u001b[39m","time":"2018-02-26T05:28:28.070Z","v":0}
{"name":"hexo","hostname":"mywifi.local","pid":10160,"level":20,"msg":"Processed: \u001b[35msource/css/fonts/fontawesome-webfont.eot\u001b[39m","time":"2018-02-26T05:28:28.070Z","v":0}
{"name":"hexo","hostname":"mywifi.local","pid":10160,"level":20,"msg":"Processed: \u001b[35msource/css/fonts/fontawesome-webfont.woff\u001b[39m","time":"2018-02-26T05:28:28.073Z","v":0}
{"name":"hexo","hostname":"mywifi.local","pid":10160,"level":20,"msg":"Processed: \u001b[35msource/fancybox/helpers/fancybox_buttons.png\u001b[39m","time":"2018-02-26T05:28:28.075Z","v":0}
{"name":"hexo","hostname":"mywifi.local","pid":10160,"level":20,"msg":"Processed: \u001b[35msource/fancybox/helpers/jquery.fancybox-buttons.css\u001b[39m","time":"2018-02-26T05:28:28.077Z","v":0}
{"name":"hexo","hostname":"mywifi.local","pid":10160,"level":20,"msg":"Processed: \u001b[35msource/fancybox/helpers/jquery.fancybox-buttons.js\u001b[39m","time":"2018-02-26T05:28:28.085Z","v":0}
{"name":"hexo","hostname":"mywifi.local","pid":10160,"level":20,"msg":"Processed: \u001b[35msource/fancybox/helpers/jquery.fancybox-media.js\u001b[39m","time":"2018-02-26T05:28:28.087Z","v":0}
{"name":"hexo","hostname":"mywifi.local","pid":10160,"level":20,"msg":"Processed: \u001b[35msource/fancybox/helpers/jquery.fancybox-thumbs.css\u001b[39m","time":"2018-02-26T05:28:28.088Z","v":0}
{"name":"hexo","hostname":"mywifi.local","pid":10160,"level":20,"msg":"Processed: \u001b[35m_posts/90sec-org的wve修改版.md\u001b[39m","time":"2018-02-26T05:28:28.089Z","v":0}
{"name":"hexo","hostname":"mywifi.local","pid":10160,"level":20,"msg":"Processed: \u001b[35msource/fancybox/helpers/jquery.fancybox-thumbs.js\u001b[39m","time":"2018-02-26T05:28:28.089Z","v":0}
{"name":"hexo","hostname":"mywifi.local","pid":10160,"level":20,"msg":"Processed: \u001b[35m_posts/Veil一个生成免杀metepreter的工具.md\u001b[39m","time":"2018-02-26T05:28:28.091Z","v":0}
{"name":"hexo","hostname":"mywifi.local","pid":10160,"level":20,"msg":"Processed: \u001b[35m_posts/a220bc1abe07103310215dc390f96076.md\u001b[39m","time":"2018-02-26T05:28:28.094Z","v":0}
{"name":"hexo","hostname":"mywifi.local","pid":10160,"level":20,"msg":"Processed: \u001b[35m_posts/cfml-e4-b8-ad-e7-9a-84scope-injection.md\u001b[39m","time":"2018-02-26T05:28:28.097Z","v":0}
{"name":"hexo","hostname":"mywifi.local","pid":10160,"level":20,"msg":"Processed: \u001b[35m_posts/CUIT信息安全大赛渗透题解析.md\u001b[39m","time":"2018-02-26T05:28:28.099Z","v":0}
{"name":"hexo","hostname":"mywifi.local","pid":10160,"level":20,"msg":"Processed: \u001b[35m_posts/dedecms-v5-7注入和上传漏洞.md\u001b[39m","time":"2018-02-26T05:28:28.099Z","v":0}
{"name":"hexo","hostname":"mywifi.local","pid":10160,"level":20,"msg":"Processed: \u001b[35m_posts/dz6-0-uc-key-getshell.md\u001b[39m","time":"2018-02-26T05:28:28.102Z","v":0}
{"name":"hexo","hostname":"mywifi.local","pid":10160,"level":20,"msg":"Processed: \u001b[35m_posts/DEDE全局变量再次覆盖研究.md\u001b[39m","time":"2018-02-26T05:28:28.103Z","v":0}
{"name":"hexo","hostname":"mywifi.local","pid":10160,"level":20,"msg":"Processed: \u001b[35m_posts/e3-80-90-e5-b0-8f-e6-98-8e-e6-b8-97-e9-80-8f-e6-97-a5-e8-ae-b0-e3-80-91-e5-b0-8f-e6-98-8e-e4-b9-9f-e4-bc-9a-e4-bb-a3-e7-a0-81-e5-ae-a1-e8-ae-a1.md\u001b[39m","time":"2018-02-26T05:28:28.105Z","v":0}
{"name":"hexo","hostname":"mywifi.local","pid":10160,"level":20,"msg":"Processed: \u001b[35m_posts/e3-80-90-e5-b0-8f-e6-98-8e-e6-b8-97-e9-80-8f-e6-97-a5-e8-ae-b0-e3-80-91-e5-b0-8f-e6-98-8e-e8-a6-81-e7-a7-9f-e6-88-bf.md\u001b[39m","time":"2018-02-26T05:28:28.106Z","v":0}
{"name":"hexo","hostname":"mywifi.local","pid":10160,"level":20,"msg":"Processed: \u001b[35m_posts/e3-80-90-e5-b0-8f-e6-98-8e-e6-b8-97-e9-80-8f-e6-97-a5-e8-ae-b0-e3-80-91-e8-bf-bd-e5-af-bb-e5-a5-b3-e7-a5-9e.md\u001b[39m","time":"2018-02-26T05:28:28.109Z","v":0}
{"name":"hexo","hostname":"mywifi.local","pid":10160,"level":20,"msg":"Processed: \u001b[35m_posts/e3-80-90python-e3-80-91-e6-89-abdiscuz-e6-8f-92-e4-bb-b6-e5-b0-8f-e5-b7-a5-e5-85-b7.md\u001b[39m","time":"2018-02-26T05:28:28.112Z","v":0}
{"name":"hexo","hostname":"mywifi.local","pid":10160,"level":20,"msg":"Processed: \u001b[35m_posts/e4-ba-8c-e7-ba-a7-e5-9f-9f-e5-90-8d-e6-9f-a5-e8-af-a2-e5-a4-84-e7-90-86.md\u001b[39m","time":"2018-02-26T05:28:28.114Z","v":0}
{"name":"hexo","hostname":"mywifi.local","pid":10160,"level":20,"msg":"Processed: \u001b[35m_posts/Dedecms-二次注入经典exp构造.md\u001b[39m","time":"2018-02-26T05:28:28.114Z","v":0}
{"name":"hexo","hostname":"mywifi.local","pid":10160,"level":20,"msg":"Processed: \u001b[35m_posts/e5-a4-9a-e7-ba-bf-e7-a8-8bhttp-banner-e6-89-ab-e6-8f-8f-e5-b7-a5-e5-85-b7.md\u001b[39m","time":"2018-02-26T05:28:28.116Z","v":0}
{"name":"hexo","hostname":"mywifi.local","pid":10160,"level":20,"msg":"Processed: \u001b[35m_posts/e5-a4-9a-e7-ba-bf-e7-a8-8bhttpbanner-e6-89-ab-e6-8f-8fv1-2.md\u001b[39m","time":"2018-02-26T05:28:28.120Z","v":0}
{"name":"hexo","hostname":"mywifi.local","pid":10160,"level":20,"msg":"Processed: \u001b[35m_posts/IE默认首页被修改的故障排除『转载』.md\u001b[39m","time":"2018-02-26T05:28:28.121Z","v":0}
{"name":"hexo","hostname":"mywifi.local","pid":10160,"level":20,"msg":"Processed: \u001b[35m_posts/e5-88-a9-e7-94-a8-e7-99-bd-e5-90-8d-e5-8d-95-e5-ba-94-e7-94-a8-e7-bb-95-e8-bf-87-e9-98-b2-e6-8a-a4.md\u001b[39m","time":"2018-02-26T05:28:28.122Z","v":0}
{"name":"hexo","hostname":"mywifi.local","pid":10160,"level":20,"msg":"Processed: \u001b[35m_posts/e5-a6-82-e4-bd-95-e6-90-ad-e5-bb-ba-e4-b8-aa-e4-ba-ba-e6-9c-8d-e5-8a-a1-e5-99-a8.md\u001b[39m","time":"2018-02-26T05:28:28.124Z","v":0}
{"name":"hexo","hostname":"mywifi.local","pid":10160,"level":20,"msg":"Processed: \u001b[35m_posts/e6-80-8e-e6-a0-b7-e7-94-a8-e6-a0-91-e8-8e-93-e6-b4-be-e5-92-8ckali-linux-e6-9e-84-e5-bb-ba-e4-be-bf-e6-90-ba-e5-bc-8f-e9-bb-91-e5-ae-a2-e5-b7-a5-e4-bd-9c-e7-ab-99.md\u001b[39m","time":"2018-02-26T05:28:28.125Z","v":0}
{"name":"hexo","hostname":"mywifi.local","pid":10160,"level":20,"msg":"Processed: \u001b[35m_posts/e6-84-9f-e8-b0-a2-e6-88-91-e7-94-9f-e5-91-bd-e4-b8-ad-e6-9b-be-e7-bb-8f-e6-9c-89-e4-bd-a0.md\u001b[39m","time":"2018-02-26T05:28:28.127Z","v":0}
{"name":"hexo","hostname":"mywifi.local","pid":10160,"level":20,"msg":"Processed: \u001b[35m_posts/e6-88-91-e4-b9-9f-e6-88-90-e4-ba-86-e4-b8-8a-e7-8f-ad-e6-97-8f.md\u001b[39m","time":"2018-02-26T05:28:28.129Z","v":0}
{"name":"hexo","hostname":"mywifi.local","pid":10160,"level":20,"msg":"Processed: \u001b[35m_posts/e6-97-a0-e5-ad-97-e6-af-8d-e7-9a-84xss-vector-e6-9e-84-e9-80-a0.md\u001b[39m","time":"2018-02-26T05:28:28.131Z","v":0}
{"name":"hexo","hostname":"mywifi.local","pid":10160,"level":20,"msg":"Processed: \u001b[35m_posts/e6-97-a0-e9-a2-98.md\u001b[39m","time":"2018-02-26T05:28:28.132Z","v":0}
{"name":"hexo","hostname":"mywifi.local","pid":10160,"level":20,"msg":"Processed: \u001b[35m_posts/e6-97-a5-e5-b8-b8-e7-9a-84-e4-b8-80-e4-ba-9b-e9-97-b2-e8-81-8a.md\u001b[39m","time":"2018-02-26T05:28:28.142Z","v":0}
{"name":"hexo","hostname":"mywifi.local","pid":10160,"level":20,"msg":"Processed: \u001b[35m_posts/Lxblog代码审计之变量覆盖.md\u001b[39m","time":"2018-02-26T05:28:28.142Z","v":0}
{"name":"hexo","hostname":"mywifi.local","pid":10160,"level":20,"msg":"Processed: \u001b[35m_posts/PHP-获取系统信息，PHP-获取服务器详细信息『转载』.md\u001b[39m","time":"2018-02-26T05:28:28.143Z","v":0}
{"name":"hexo","hostname":"mywifi.local","pid":10160,"level":20,"msg":"Processed: \u001b[35m_posts/e7-a7-91-e6-99-ae-e5-b0-8f-e6-96-87-e7-ab-a0php-e5-86-85-e6-a0-b8-e5-8a-a8-e6-80-81-e8-b0-83-e8-af-95-e5-85-b3-e4-ba-8e-e5-bc-b1-e7-b1-bb-e5-9e-8b-e6-af-94-e8-be-83.md\u001b[39m","time":"2018-02-26T05:28:28.145Z","v":0}
{"name":"hexo","hostname":"mywifi.local","pid":10160,"level":20,"msg":"Processed: \u001b[35m_posts/e8-ae-b0-e5-bd-95-e7-ae-97-e6-98-af-e4-b8-80-e7-a7-8d-e5-ae-a3-e6-b3-84.md\u001b[39m","time":"2018-02-26T05:28:28.146Z","v":0}
{"name":"hexo","hostname":"mywifi.local","pid":10160,"level":20,"msg":"Processed: \u001b[35m_posts/PHPCMS-v9-代码分析之phpsso-php.md\u001b[39m","time":"2018-02-26T05:28:28.152Z","v":0}
{"name":"hexo","hostname":"mywifi.local","pid":10160,"level":20,"msg":"Processed: \u001b[35m_posts/PHPCMS-v9-的那些注入和getwebshell.md\u001b[39m","time":"2018-02-26T05:28:28.157Z","v":0}
{"name":"hexo","hostname":"mywifi.local","pid":10160,"level":20,"msg":"Processed: \u001b[35m_posts/esc-sql-doh-wordpress-sql-injection-vulnerability.md\u001b[39m","time":"2018-02-26T05:28:28.161Z","v":0}
{"name":"hexo","hostname":"mywifi.local","pid":10160,"level":20,"msg":"Processed: \u001b[35m_posts/f3ea25ae0c94f31c10679e52de20139d.md\u001b[39m","time":"2018-02-26T05:28:28.163Z","v":0}
{"name":"hexo","hostname":"mywifi.local","pid":10160,"level":20,"msg":"Processed: \u001b[35m_posts/is-numeric-e7-9a-84-e7-90-86-e8-a7-a3-e5-92-8cphp-e8-84-9a-e6-9c-ac-e5-a4-9a-e5-ad-97-e8-8a-82-e5-ad-97-e7-ac-a6-e8-a7-a3-e6-9e-90-e6-a8-a1-e5-bc-8f-e5-b8-a6-e6-9d-a5-e7-9a-84-e5-ae-89-e5-85-a8.md\u001b[39m","time":"2018-02-26T05:28:28.166Z","v":0}
{"name":"hexo","hostname":"mywifi.local","pid":10160,"level":20,"msg":"Processed: \u001b[35m_posts/magento-e5-ad-98-e5-82-a8-e5-9e-8bxss-ef-bc-88magento-ce.md\u001b[39m","time":"2018-02-26T05:28:28.169Z","v":0}
{"name":"hexo","hostname":"mywifi.local","pid":10160,"level":20,"msg":"Processed: \u001b[35m_posts/PHP中的list-each-reset-函数应用.md\u001b[39m","time":"2018-02-26T05:28:28.170Z","v":0}
{"name":"hexo","hostname":"mywifi.local","pid":10160,"level":20,"msg":"Processed: \u001b[35m_posts/PHP批量上传图片.md\u001b[39m","time":"2018-02-26T05:28:28.174Z","v":0}
{"name":"hexo","hostname":"mywifi.local","pid":10160,"level":20,"msg":"Processed: \u001b[35m_posts/phpcms最近的那些注入.md\u001b[39m","time":"2018-02-26T05:28:28.177Z","v":0}
{"name":"hexo","hostname":"mywifi.local","pid":10160,"level":20,"msg":"Processed: \u001b[35m_posts/php大数加法代码修改.md\u001b[39m","time":"2018-02-26T05:28:28.188Z","v":0}
{"name":"hexo","hostname":"mywifi.local","pid":10160,"level":20,"msg":"Processed: \u001b[35m_posts/session-e5-8f-8d-e5-ba-8f-e5-88-97-e5-8c-96-e4-bb-a3-e7-a0-81-e6-89-a7-e8-a1-8c-e6-bc-8f-e6-b4-9e-e5-88-86-e6-9e-90joomla-rce.md\u001b[39m","time":"2018-02-26T05:28:28.189Z","v":0}
{"name":"hexo","hostname":"mywifi.local","pid":10160,"level":20,"msg":"Processed: \u001b[35m_posts/PHP数学运算代码转换成asp代码.md\u001b[39m","time":"2018-02-26T05:28:28.191Z","v":0}
{"name":"hexo","hostname":"mywifi.local","pid":10160,"level":20,"msg":"Processed: \u001b[35m_posts/stripcslashes-e5-8f-8d-e5-ba-8f-e5-88-97-e5-92-8c-e6-9d-a1-e4-bb-b6-e7-ab-9e-e4-ba-89-e6-9a-b4-e5-8a-9b-e6-b3-a8-e5-85-a5writeup.md\u001b[39m","time":"2018-02-26T05:28:28.192Z","v":0}
{"name":"hexo","hostname":"mywifi.local","pid":10160,"level":20,"msg":"Processed: \u001b[35m_posts/ruby-e5-85-a5-e9-97-a8-e5-ad-a6-e4-b9-a0.md\u001b[39m","time":"2018-02-26T05:28:28.194Z","v":0}
{"name":"hexo","hostname":"mywifi.local","pid":10160,"level":20,"msg":"Processed: \u001b[35m_posts/PHP数组循环输出和排序.md\u001b[39m","time":"2018-02-26T05:28:28.195Z","v":0}
{"name":"hexo","hostname":"mywifi.local","pid":10160,"level":20,"msg":"Processed: \u001b[35m_posts/PHP的3种数组的使用.md\u001b[39m","time":"2018-02-26T05:28:28.197Z","v":0}
{"name":"hexo","hostname":"mywifi.local","pid":10160,"level":20,"msg":"Processed: \u001b[35m_posts/windows-10-dump-hash-and-plaintext-passwords.md\u001b[39m","time":"2018-02-26T05:28:28.200Z","v":0}
{"name":"hexo","hostname":"mywifi.local","pid":10160,"level":20,"msg":"Processed: \u001b[35m_posts/xml-e5-ae-89-e5-85-a8-e7-b3-bb-e5-88-97-e4-b9-8bweb-services.md\u001b[39m","time":"2018-02-26T05:28:28.202Z","v":0}
{"name":"hexo","hostname":"mywifi.local","pid":10160,"level":20,"msg":"Processed: \u001b[35m_posts/PHP的构造函数和析构函数.md\u001b[39m","time":"2018-02-26T05:28:28.206Z","v":0}
{"name":"hexo","hostname":"mywifi.local","pid":10160,"level":20,"msg":"Processed: \u001b[35m_posts/【php】strstr、stristr、strpos这三个函数的区别『转载』.md\u001b[39m","time":"2018-02-26T05:28:28.206Z","v":0}
{"name":"hexo","hostname":"mywifi.local","pid":10160,"level":20,"msg":"Processed: \u001b[35m_posts/PageAdmin相关的工具.md\u001b[39m","time":"2018-02-26T05:28:28.207Z","v":0}
{"name":"hexo","hostname":"mywifi.local","pid":10160,"level":20,"msg":"Processed: \u001b[35m_posts/【记录】Novell-Zenworks-MDM-Mobile-Device-Management-for-the-Masses.md\u001b[39m","time":"2018-02-26T05:28:28.219Z","v":0}
{"name":"hexo","hostname":"mywifi.local","pid":10160,"level":20,"msg":"Processed: \u001b[35m_posts/SQL盲注之使用正则表达式.md\u001b[39m","time":"2018-02-26T05:28:28.220Z","v":0}
{"name":"hexo","hostname":"mywifi.local","pid":10160,"level":20,"msg":"Processed: \u001b[35m_posts/三叶草小组汇报-dedecms的故事.md\u001b[39m","time":"2018-02-26T05:28:28.224Z","v":0}
{"name":"hexo","hostname":"mywifi.local","pid":10160,"level":20,"msg":"Processed: \u001b[35m_posts/俺们老师.md\u001b[39m","time":"2018-02-26T05:28:28.229Z","v":0}
{"name":"hexo","hostname":"mywifi.local","pid":10160,"level":20,"msg":"Processed: \u001b[35m_posts/Sae版贤诚文章管理系统.md\u001b[39m","time":"2018-02-26T05:28:28.230Z","v":0}
{"name":"hexo","hostname":"mywifi.local","pid":10160,"level":20,"msg":"Processed: \u001b[35m_posts/友情链接.md\u001b[39m","time":"2018-02-26T05:28:28.233Z","v":0}
{"name":"hexo","hostname":"mywifi.local","pid":10160,"level":20,"msg":"Processed: \u001b[35m_posts/SiteServer-CMS-密码加解密小工具.md\u001b[39m","time":"2018-02-26T05:28:28.233Z","v":0}
{"name":"hexo","hostname":"mywifi.local","pid":10160,"level":20,"msg":"Processed: \u001b[35m_posts/XSS-笔记.md\u001b[39m","time":"2018-02-26T05:28:28.238Z","v":0}
{"name":"hexo","hostname":"mywifi.local","pid":10160,"level":20,"msg":"Processed: \u001b[35m_posts/写在2013-9-7.md\u001b[39m","time":"2018-02-26T05:28:28.239Z","v":0}
{"name":"hexo","hostname":"mywifi.local","pid":10160,"level":20,"msg":"Processed: \u001b[35m_posts/XSS-Platform-xss探针模块.md\u001b[39m","time":"2018-02-26T05:28:28.239Z","v":0}
{"name":"hexo","hostname":"mywifi.local","pid":10160,"level":20,"msg":"Processed: \u001b[35m_posts/dz-phpcms-phpbb等程序密文爆破php脚本.md\u001b[39m","time":"2018-02-26T05:28:28.246Z","v":0}
{"name":"hexo","hostname":"mywifi.local","pid":10160,"level":20,"msg":"Processed: \u001b[35m_posts/ecshop全版本注入分析.md\u001b[39m","time":"2018-02-26T05:28:28.248Z","v":0}
{"name":"hexo","hostname":"mywifi.local","pid":10160,"level":20,"msg":"Processed: \u001b[35m_posts/夜已深了.md\u001b[39m","time":"2018-02-26T05:28:28.250Z","v":0}
{"name":"hexo","hostname":"mywifi.local","pid":10160,"level":20,"msg":"Processed: \u001b[35m_posts/emlog千脑插件.md\u001b[39m","time":"2018-02-26T05:28:28.251Z","v":0}
{"name":"hexo","hostname":"mywifi.local","pid":10160,"level":20,"msg":"Processed: \u001b[35m_posts/好好计划一下.md\u001b[39m","time":"2018-02-26T05:28:28.256Z","v":0}
{"name":"hexo","hostname":"mywifi.local","pid":10160,"level":20,"msg":"Processed: \u001b[35m_posts/emlog博客程序后台拿shell.md\u001b[39m","time":"2018-02-26T05:28:28.258Z","v":0}
{"name":"hexo","hostname":"mywifi.local","pid":10160,"level":20,"msg":"Processed: \u001b[35m_posts/忙碌的12月.md\u001b[39m","time":"2018-02-26T05:28:28.265Z","v":0}
{"name":"hexo","hostname":"mywifi.local","pid":10160,"level":20,"msg":"Processed: \u001b[35m_posts/emlog反垃圾评论插件sae版.md\u001b[39m","time":"2018-02-26T05:28:28.267Z","v":0}
{"name":"hexo","hostname":"mywifi.local","pid":10160,"level":20,"msg":"Processed: \u001b[35m_posts/杂事.md\u001b[39m","time":"2018-02-26T05:28:28.268Z","v":0}
{"name":"hexo","hostname":"mywifi.local","pid":10160,"level":20,"msg":"Processed: \u001b[35m_posts/订阅博客.md\u001b[39m","time":"2018-02-26T05:28:28.269Z","v":0}
{"name":"hexo","hostname":"mywifi.local","pid":10160,"level":20,"msg":"Processed: \u001b[35m_posts/流失的日子.md\u001b[39m","time":"2018-02-26T05:28:28.269Z","v":0}
{"name":"hexo","hostname":"mywifi.local","pid":10160,"level":20,"msg":"Processed: \u001b[35m_posts/淘宝店-欢迎光临.md\u001b[39m","time":"2018-02-26T05:28:28.270Z","v":0}
{"name":"hexo","hostname":"mywifi.local","pid":10160,"level":20,"msg":"Processed: \u001b[35m_posts/emlog微博通插件Sae版.md\u001b[39m","time":"2018-02-26T05:28:28.276Z","v":0}
{"name":"hexo","hostname":"mywifi.local","pid":10160,"level":20,"msg":"Processed: \u001b[35m_posts/读书笔记.md\u001b[39m","time":"2018-02-26T05:28:28.278Z","v":0}
{"name":"hexo","hostname":"mywifi.local","pid":10160,"level":20,"msg":"Processed: \u001b[35m_posts/emlog日志远程图片本地化插件sae版.md\u001b[39m","time":"2018-02-26T05:28:28.286Z","v":0}
{"name":"hexo","hostname":"mywifi.local","pid":10160,"level":20,"msg":"Processed: \u001b[35m_posts/记录-关于绕waf的语句.md\u001b[39m","time":"2018-02-26T05:28:28.291Z","v":0}
{"name":"hexo","hostname":"mywifi.local","pid":10160,"level":20,"msg":"Processed: \u001b[35m_posts/emlog的sendmail插件Sae版.md\u001b[39m","time":"2018-02-26T05:28:28.296Z","v":0}
{"name":"hexo","hostname":"mywifi.local","pid":10160,"level":20,"msg":"Processed: \u001b[35m_posts/转-走出浮躁的泥沼.md\u001b[39m","time":"2018-02-26T05:28:28.301Z","v":0}
{"name":"hexo","hostname":"mywifi.local","pid":10160,"level":20,"msg":"Processed: \u001b[35m_posts/emlog跑马灯公告插件Sae版.md\u001b[39m","time":"2018-02-26T05:28:28.302Z","v":0}
{"name":"hexo","hostname":"mywifi.local","pid":10160,"level":20,"msg":"Processed: \u001b[35m_posts/eval-injection.md\u001b[39m","time":"2018-02-26T05:28:28.302Z","v":0}
{"name":"hexo","hostname":"mywifi.local","pid":10160,"level":20,"msg":"Processed: \u001b[35m_posts/hacking-with-powershell.md\u001b[39m","time":"2018-02-26T05:28:28.302Z","v":0}
{"name":"hexo","hostname":"mywifi.local","pid":10160,"level":20,"msg":"Processed: \u001b[35m_posts/isset-函数和empt-函数.md\u001b[39m","time":"2018-02-26T05:28:28.303Z","v":0}
{"name":"hexo","hostname":"mywifi.local","pid":10160,"level":20,"msg":"Processed: \u001b[35m_posts/防sql注入工具代码.md\u001b[39m","time":"2018-02-26T05:28:28.303Z","v":0}
{"name":"hexo","hostname":"mywifi.local","pid":10160,"level":20,"msg":"Processed: \u001b[35m_posts/随笔.md\u001b[39m","time":"2018-02-26T05:28:28.303Z","v":0}
{"name":"hexo","hostname":"mywifi.local","pid":10160,"level":20,"msg":"Processed: \u001b[35m_posts/kali-linux-安装遇到的一些问题.md\u001b[39m","time":"2018-02-26T05:28:28.304Z","v":0}
{"name":"hexo","hostname":"mywifi.local","pid":10160,"level":20,"msg":"Processed: \u001b[35m_posts/metasploit使用postgresql数据库.md\u001b[39m","time":"2018-02-26T05:28:28.305Z","v":0}
{"name":"hexo","hostname":"mywifi.local","pid":10160,"level":20,"msg":"Processed: \u001b[35m_posts/mimikatz的一个新技巧.md\u001b[39m","time":"2018-02-26T05:28:28.305Z","v":0}
{"name":"hexo","hostname":"mywifi.local","pid":10160,"level":20,"msg":"Processed: \u001b[35m_posts/mysql-fetch-assoc-函数使用出错解决.md\u001b[39m","time":"2018-02-26T05:28:28.306Z","v":0}
{"name":"hexo","hostname":"mywifi.local","pid":10160,"level":20,"msg":"Processed: \u001b[35m_posts/mysql-num-rows-函数错误解决.md\u001b[39m","time":"2018-02-26T05:28:28.306Z","v":0}
{"name":"hexo","hostname":"mywifi.local","pid":10160,"level":20,"msg":"Processed: \u001b[35m_posts/php-vuls-handbook-1-1测试环境的搭建.md\u001b[39m","time":"2018-02-26T05:28:28.307Z","v":0}
{"name":"hexo","hostname":"mywifi.local","pid":10160,"level":20,"msg":"Processed: \u001b[35m_posts/php使图片分页处理代码『转载』.md\u001b[39m","time":"2018-02-26T05:28:28.308Z","v":0}
{"name":"hexo","hostname":"mywifi.local","pid":10160,"level":20,"msg":"Processed: \u001b[35m_posts/php反序列unserialize的一个小特性.md\u001b[39m","time":"2018-02-26T05:28:28.309Z","v":0}
{"name":"hexo","hostname":"mywifi.local","pid":10160,"level":20,"msg":"Processed: \u001b[35m_posts/simple-log后台写入缓存漏洞和全局文件读取漏洞.md\u001b[39m","time":"2018-02-26T05:28:28.310Z","v":0}
{"name":"hexo","hostname":"mywifi.local","pid":10160,"level":20,"msg":"Processed: \u001b[35m_posts/vim学习笔记1.md\u001b[39m","time":"2018-02-26T05:28:28.310Z","v":0}
{"name":"hexo","hostname":"mywifi.local","pid":10160,"level":20,"msg":"Processed: \u001b[35m_posts/vim学习笔记2.md\u001b[39m","time":"2018-02-26T05:28:28.310Z","v":0}
{"name":"hexo","hostname":"mywifi.local","pid":10160,"level":20,"msg":"Processed: \u001b[35m_posts/win2003-vpn-L2TP搭建.md\u001b[39m","time":"2018-02-26T05:28:28.313Z","v":0}
{"name":"hexo","hostname":"mywifi.local","pid":10160,"level":20,"msg":"Processed: \u001b[35m_posts/win2003服务器多个服务无法启动等错误解决办法.md\u001b[39m","time":"2018-02-26T05:28:28.313Z","v":0}
{"name":"hexo","hostname":"mywifi.local","pid":10160,"level":20,"msg":"Processed: \u001b[35m_posts/xss-payload.md\u001b[39m","time":"2018-02-26T05:28:28.314Z","v":0}
{"name":"hexo","hostname":"mywifi.local","pid":10160,"level":20,"msg":"Processed: \u001b[35m_posts/《桃源》杂志-第六期-下载.md\u001b[39m","time":"2018-02-26T05:28:28.315Z","v":0}
{"name":"hexo","hostname":"mywifi.local","pid":10160,"level":20,"msg":"Processed: \u001b[35m_posts/【代码分析】FCKEditor-2-6-8-ASP-Version-File-Upload-Protection-bypass.md\u001b[39m","time":"2018-02-26T05:28:28.317Z","v":0}
{"name":"hexo","hostname":"mywifi.local","pid":10160,"level":20,"msg":"Processed: \u001b[35m_posts/【复习】mysql注入总结.md\u001b[39m","time":"2018-02-26T05:28:28.317Z","v":0}
{"name":"hexo","hostname":"mywifi.local","pid":10160,"level":20,"msg":"Processed: \u001b[35m_posts/【翻译】在backtrack5上用Evilgrade工具15步入侵windows.md\u001b[39m","time":"2018-02-26T05:28:28.318Z","v":0}
{"name":"hexo","hostname":"mywifi.local","pid":10160,"level":20,"msg":"Processed: \u001b[35m_posts/【转】细谈Web系统安装程序安全.md\u001b[39m","time":"2018-02-26T05:28:28.319Z","v":0}
{"name":"hexo","hostname":"mywifi.local","pid":10160,"level":20,"msg":"Processed: \u001b[35m_posts/一个关于监控摄像头的文档.md\u001b[39m","time":"2018-02-26T05:28:28.319Z","v":0}
{"name":"hexo","hostname":"mywifi.local","pid":10160,"level":20,"msg":"Processed: \u001b[35m_posts/一个加密脚本，达到一定免杀效果.md\u001b[39m","time":"2018-02-26T05:28:28.319Z","v":0}
{"name":"hexo","hostname":"mywifi.local","pid":10160,"level":20,"msg":"Processed: \u001b[35m_posts/两种php源码加密代码.md\u001b[39m","time":"2018-02-26T05:28:28.321Z","v":0}
{"name":"hexo","hostname":"mywifi.local","pid":10160,"level":20,"msg":"Processed: \u001b[35m_posts/人生真的就此转向了？.md\u001b[39m","time":"2018-02-26T05:28:28.321Z","v":0}
{"name":"hexo","hostname":"mywifi.local","pid":10160,"level":20,"msg":"Processed: \u001b[35m_posts/中国菜刀通讯加密分析『转载』.md\u001b[39m","time":"2018-02-26T05:28:28.358Z","v":0}
{"name":"hexo","hostname":"mywifi.local","pid":10160,"level":20,"msg":"Processed: \u001b[35m_posts/今天干坏事了.md\u001b[39m","time":"2018-02-26T05:28:28.358Z","v":0}
{"name":"hexo","hostname":"mywifi.local","pid":10160,"level":20,"msg":"Processed: \u001b[35m_posts/全价87元人名币的的网站.md\u001b[39m","time":"2018-02-26T05:28:28.359Z","v":0}
{"name":"hexo","hostname":"mywifi.local","pid":10160,"level":20,"msg":"Processed: \u001b[35m_posts/全功能PHP-SHELL汉化版修改版.md\u001b[39m","time":"2018-02-26T05:28:28.360Z","v":0}
{"name":"hexo","hostname":"mywifi.local","pid":10160,"level":20,"msg":"Processed: \u001b[35m_posts/关于insert-update-delete注入中的tips.md\u001b[39m","time":"2018-02-26T05:28:28.362Z","v":0}
{"name":"hexo","hostname":"mywifi.local","pid":10160,"level":20,"msg":"Processed: \u001b[35m_posts/关于mysql报错注入的几个语句【记录】.md\u001b[39m","time":"2018-02-26T05:28:28.362Z","v":0}
{"name":"hexo","hostname":"mywifi.local","pid":10160,"level":20,"msg":"Processed: \u001b[35m_posts/关于Jenkins安全测试的一些技巧.md\u001b[39m","time":"2018-02-26T05:28:28.363Z","v":0}
{"name":"hexo","hostname":"mywifi.local","pid":10160,"level":20,"msg":"Processed: \u001b[35m_posts/关于一个php加密研究.md\u001b[39m","time":"2018-02-26T05:28:28.364Z","v":0}
{"name":"hexo","hostname":"mywifi.local","pid":10160,"level":20,"msg":"Processed: \u001b[35m_posts/关于一个做流量的代码分析.md\u001b[39m","time":"2018-02-26T05:28:28.368Z","v":0}
{"name":"hexo","hostname":"mywifi.local","pid":10160,"level":20,"msg":"Processed: \u001b[35m_posts/关于内置类和unserialize的结合.md\u001b[39m","time":"2018-02-26T05:28:28.368Z","v":0}
{"name":"hexo","hostname":"mywifi.local","pid":10160,"level":20,"msg":"Processed: \u001b[35m_posts/写在今天.md\u001b[39m","time":"2018-02-26T05:28:28.369Z","v":0}
{"name":"hexo","hostname":"mywifi.local","pid":10160,"level":20,"msg":"Processed: \u001b[35m_posts/利用xss-执行sql注入.md\u001b[39m","time":"2018-02-26T05:28:28.370Z","v":0}
{"name":"hexo","hostname":"mywifi.local","pid":10160,"level":20,"msg":"Processed: \u001b[35m_posts/利用互联网收集信息-Information-gathering-Doxing.md\u001b[39m","time":"2018-02-26T05:28:28.371Z","v":0}
{"name":"hexo","hostname":"mywifi.local","pid":10160,"level":20,"msg":"Processed: \u001b[35m_posts/博客搬家了！.md\u001b[39m","time":"2018-02-26T05:28:28.372Z","v":0}
{"name":"hexo","hostname":"mywifi.local","pid":10160,"level":20,"msg":"Processed: \u001b[35m_posts/关于mssql注入的两个题目.md\u001b[39m","time":"2018-02-26T05:28:28.376Z","v":0}
{"name":"hexo","hostname":"mywifi.local","pid":10160,"level":20,"msg":"Processed: \u001b[35m_posts/去一asp大马后门.md\u001b[39m","time":"2018-02-26T05:28:28.378Z","v":0}
{"name":"hexo","hostname":"mywifi.local","pid":10160,"level":20,"msg":"Processed: \u001b[35m_posts/和linux用户加密有关的破解题.md\u001b[39m","time":"2018-02-26T05:28:28.380Z","v":0}
{"name":"hexo","hostname":"mywifi.local","pid":10160,"level":20,"msg":"Processed: \u001b[35m_posts/在ubuntu12-04上安装Nmap6-0.md\u001b[39m","time":"2018-02-26T05:28:28.381Z","v":0}
{"name":"hexo","hostname":"mywifi.local","pid":10160,"level":20,"msg":"Processed: \u001b[35m_posts/大数减法php代码.md\u001b[39m","time":"2018-02-26T05:28:28.382Z","v":0}
{"name":"hexo","hostname":"mywifi.local","pid":10160,"level":20,"msg":"Processed: \u001b[35m_posts/大数加法计算php代码.md\u001b[39m","time":"2018-02-26T05:28:28.383Z","v":0}
{"name":"hexo","hostname":"mywifi.local","pid":10160,"level":20,"msg":"Processed: \u001b[35m_posts/学习笔记之emlog的install-php文件.md\u001b[39m","time":"2018-02-26T05:28:28.384Z","v":0}
{"name":"hexo","hostname":"mywifi.local","pid":10160,"level":20,"msg":"Processed: \u001b[35m_posts/学校服务器.md\u001b[39m","time":"2018-02-26T05:28:28.384Z","v":0}
{"name":"hexo","hostname":"mywifi.local","pid":10160,"level":20,"msg":"Processed: \u001b[35m_posts/小米手机到手后和我的新网络.md\u001b[39m","time":"2018-02-26T05:28:28.388Z","v":0}
{"name":"hexo","hostname":"mywifi.local","pid":10160,"level":20,"msg":"Processed: \u001b[35m_posts/就这么到了2012了.md\u001b[39m","time":"2018-02-26T05:28:28.388Z","v":0}
{"name":"hexo","hostname":"mywifi.local","pid":10160,"level":20,"msg":"Processed: \u001b[35m_posts/就这么到了2013.md\u001b[39m","time":"2018-02-26T05:28:28.388Z","v":0}
{"name":"hexo","hostname":"mywifi.local","pid":10160,"level":20,"msg":"Processed: \u001b[35m_posts/帝国下载系统申明的变量整理.md\u001b[39m","time":"2018-02-26T05:28:28.389Z","v":0}
{"name":"hexo","hostname":"mywifi.local","pid":10160,"level":20,"msg":"Processed: \u001b[35m_posts/开学前的闲言碎语.md\u001b[39m","time":"2018-02-26T05:28:28.389Z","v":0}
{"name":"hexo","hostname":"mywifi.local","pid":10160,"level":20,"msg":"Processed: \u001b[35m_posts/摘录GoogleSpider代码段.md\u001b[39m","time":"2018-02-26T05:28:28.389Z","v":0}
{"name":"hexo","hostname":"mywifi.local","pid":10160,"level":20,"msg":"Processed: \u001b[35m_posts/渗透xx网站服务器到内网渗透.md\u001b[39m","time":"2018-02-26T05:28:28.391Z","v":0}
{"name":"hexo","hostname":"mywifi.local","pid":10160,"level":20,"msg":"Processed: \u001b[35m_posts/百捷网站推广管理系统后台突破一流拦截上传.md\u001b[39m","time":"2018-02-26T05:28:28.392Z","v":0}
{"name":"hexo","hostname":"mywifi.local","pid":10160,"level":20,"msg":"Processed: \u001b[35m_posts/看mfc的笔记.md\u001b[39m","time":"2018-02-26T05:28:28.428Z","v":0}
{"name":"hexo","hostname":"mywifi.local","pid":10160,"level":20,"msg":"Processed: \u001b[35m_posts/看着有那么点伤感.md\u001b[39m","time":"2018-02-26T05:28:28.429Z","v":0}
{"name":"hexo","hostname":"mywifi.local","pid":10160,"level":20,"msg":"Processed: \u001b[35m_posts/竟然还有人关注我博客！.md\u001b[39m","time":"2018-02-26T05:28:28.430Z","v":0}
{"name":"hexo","hostname":"mywifi.local","pid":10160,"level":20,"msg":"Processed: \u001b[35m_posts/绕过学校的h3c绑定mac.md\u001b[39m","time":"2018-02-26T05:28:28.431Z","v":0}
{"name":"hexo","hostname":"mywifi.local","pid":10160,"level":20,"msg":"Processed: \u001b[35m_posts/继续我的emlog之旅.md\u001b[39m","time":"2018-02-26T05:28:28.431Z","v":0}
{"name":"hexo","hostname":"mywifi.local","pid":10160,"level":20,"msg":"Processed: \u001b[35m_posts/解决emlog相册插入日志时只有一个小点.md\u001b[39m","time":"2018-02-26T05:28:28.432Z","v":0}
{"name":"hexo","hostname":"mywifi.local","pid":10160,"level":20,"msg":"Processed: \u001b[35m_posts/解密一个php大马.md\u001b[39m","time":"2018-02-26T05:28:28.433Z","v":0}
{"name":"hexo","hostname":"mywifi.local","pid":10160,"level":20,"msg":"Processed: \u001b[35m_posts/解密一修改主页的vbs.md\u001b[39m","time":"2018-02-26T05:28:28.434Z","v":0}
{"name":"hexo","hostname":"mywifi.local","pid":10160,"level":20,"msg":"Processed: \u001b[35m_posts/让php页面自动运行.md\u001b[39m","time":"2018-02-26T05:28:28.435Z","v":0}
{"name":"hexo","hostname":"mywifi.local","pid":10160,"level":20,"msg":"Processed: \u001b[35m_posts/让ul中li分列显示.md\u001b[39m","time":"2018-02-26T05:28:28.437Z","v":0}
{"name":"hexo","hostname":"mywifi.local","pid":10160,"level":20,"msg":"Processed: \u001b[35m_posts/记录一些反弹shell代码.md\u001b[39m","time":"2018-02-26T05:28:28.437Z","v":0}
{"name":"hexo","hostname":"mywifi.local","pid":10160,"level":20,"msg":"Processed: \u001b[35m_posts/读Black-Hat-Python-笔记.md\u001b[39m","time":"2018-02-26T05:28:28.438Z","v":0}
{"name":"hexo","hostname":"mywifi.local","pid":10160,"level":20,"msg":"Processed: \u001b[35m_posts/读《白帽子讲web安全》笔记之注入攻击.md\u001b[39m","time":"2018-02-26T05:28:28.440Z","v":0}
{"name":"hexo","hostname":"mywifi.local","pid":10160,"level":20,"msg":"Processed: \u001b[35m_posts/调整PHP和MySQL的时区，实现同步显示中国时间.md\u001b[39m","time":"2018-02-26T05:28:28.440Z","v":0}
{"name":"hexo","hostname":"mywifi.local","pid":10160,"level":20,"msg":"Processed: \u001b[35m_posts/转-PHP-5-4-5-4-3-Code-Execution-Win32.md\u001b[39m","time":"2018-02-26T05:28:28.441Z","v":0}
{"name":"hexo","hostname":"mywifi.local","pid":10160,"level":20,"msg":"Processed: \u001b[35m_posts/转-PHP-CGI-Argument-Injection-Exploit-CVE-2012-1823.md\u001b[39m","time":"2018-02-26T05:28:28.442Z","v":0}
{"name":"hexo","hostname":"mywifi.local","pid":10160,"level":20,"msg":"Processed: \u001b[35m_posts/转-phpcms-v9-uc-php注入中转脚本.md\u001b[39m","time":"2018-02-26T05:28:28.444Z","v":0}
{"name":"hexo","hostname":"mywifi.local","pid":10160,"level":20,"msg":"Processed: \u001b[35m_posts/转-一个xss利用脚本.md\u001b[39m","time":"2018-02-26T05:28:28.445Z","v":0}
{"name":"hexo","hostname":"mywifi.local","pid":10160,"level":20,"msg":"Processed: \u001b[35m_posts/转-关于数据库范式.md\u001b[39m","time":"2018-02-26T05:28:28.446Z","v":0}
{"name":"hexo","hostname":"mywifi.local","pid":10160,"level":20,"msg":"Processed: \u001b[35m_posts/转-飞飞影视系统PHP版-v1-9-injection-exploit.md\u001b[39m","time":"2018-02-26T05:28:28.448Z","v":0}
{"name":"hexo","hostname":"mywifi.local","pid":10160,"level":20,"msg":"Processed: \u001b[35m_posts/过正常的我想过的生活.md\u001b[39m","time":"2018-02-26T05:28:28.449Z","v":0}
{"name":"hexo","hostname":"mywifi.local","pid":10160,"level":20,"msg":"Processed: \u001b[35m_posts/这个真的有.md\u001b[39m","time":"2018-02-26T05:28:28.450Z","v":0}
{"name":"hexo","hostname":"mywifi.local","pid":10160,"level":20,"msg":"Processed: \u001b[35m_posts/这本书太打击人了.md\u001b[39m","time":"2018-02-26T05:28:28.451Z","v":0}
{"name":"hexo","hostname":"mywifi.local","pid":10160,"level":20,"msg":"Processed: \u001b[35m_posts/问题ewebeditor编辑器突破安全狗.md\u001b[39m","time":"2018-02-26T05:28:28.452Z","v":0}
{"name":"hexo","hostname":"mywifi.local","pid":10160,"level":20,"msg":"Processed: \u001b[35m_posts/黑吃黑的webshell后门.md\u001b[39m","time":"2018-02-26T05:28:28.453Z","v":0}
{"name":"hexo","hostname":"mywifi.local","pid":10160,"level":20,"msg":"Processed: \u001b[35msource/css/fonts/fontawesome-webfont.ttf\u001b[39m","time":"2018-02-26T05:28:28.462Z","v":0}
{"name":"hexo","hostname":"mywifi.local","pid":10160,"level":20,"msg":"Processed: \u001b[35m_posts/jar协议在flash-xss中的一些技巧.md\u001b[39m","time":"2018-02-26T05:28:28.463Z","v":0}
{"name":"hexo","hostname":"mywifi.local","pid":10160,"level":20,"msg":"Processed: \u001b[35mlayout/_partial/archive-post.ejs\u001b[39m","time":"2018-02-26T05:28:28.469Z","v":0}
{"name":"hexo","hostname":"mywifi.local","pid":10160,"level":20,"msg":"Processed: \u001b[35mlayout/_partial/after-footer.ejs\u001b[39m","time":"2018-02-26T05:28:28.469Z","v":0}
{"name":"hexo","hostname":"mywifi.local","pid":10160,"level":20,"msg":"Processed: \u001b[35mlayout/_partial/archive.ejs\u001b[39m","time":"2018-02-26T05:28:28.470Z","v":0}
{"name":"hexo","hostname":"mywifi.local","pid":10160,"level":20,"msg":"Processed: \u001b[35mlayout/_partial/article.ejs\u001b[39m","time":"2018-02-26T05:28:28.470Z","v":0}
{"name":"hexo","hostname":"mywifi.local","pid":10160,"level":20,"msg":"Processed: \u001b[35mlayout/_partial/footer.ejs\u001b[39m","time":"2018-02-26T05:28:28.496Z","v":0}
{"name":"hexo","hostname":"mywifi.local","pid":10160,"level":20,"msg":"Processed: \u001b[35mlayout/_partial/gauges-analytics.ejs\u001b[39m","time":"2018-02-26T05:28:28.497Z","v":0}
{"name":"hexo","hostname":"mywifi.local","pid":10160,"level":20,"msg":"Processed: \u001b[35mlayout/_partial/google-analytics.ejs\u001b[39m","time":"2018-02-26T05:28:28.497Z","v":0}
{"name":"hexo","hostname":"mywifi.local","pid":10160,"level":20,"msg":"Processed: \u001b[35mlayout/_partial/header.ejs\u001b[39m","time":"2018-02-26T05:28:28.497Z","v":0}
{"name":"hexo","hostname":"mywifi.local","pid":10160,"level":20,"msg":"Processed: \u001b[35mlayout/_partial/head.ejs\u001b[39m","time":"2018-02-26T05:28:28.497Z","v":0}
{"name":"hexo","hostname":"mywifi.local","pid":10160,"level":20,"msg":"Processed: \u001b[35mlayout/_partial/sidebar.ejs\u001b[39m","time":"2018-02-26T05:28:28.497Z","v":0}
{"name":"hexo","hostname":"mywifi.local","pid":10160,"level":20,"msg":"Processed: \u001b[35mlayout/_partial/mobile-nav.ejs\u001b[39m","time":"2018-02-26T05:28:28.497Z","v":0}
{"name":"hexo","hostname":"mywifi.local","pid":10160,"level":20,"msg":"Processed: \u001b[35mlayout/_widget/archive.ejs\u001b[39m","time":"2018-02-26T05:28:28.497Z","v":0}
{"name":"hexo","hostname":"mywifi.local","pid":10160,"level":20,"msg":"Processed: \u001b[35mlayout/_widget/recent_posts.ejs\u001b[39m","time":"2018-02-26T05:28:28.497Z","v":0}
{"name":"hexo","hostname":"mywifi.local","pid":10160,"level":20,"msg":"Processed: \u001b[35mlayout/_widget/category.ejs\u001b[39m","time":"2018-02-26T05:28:28.497Z","v":0}
{"name":"hexo","hostname":"mywifi.local","pid":10160,"level":20,"msg":"Processed: \u001b[35mlayout/_widget/tag.ejs\u001b[39m","time":"2018-02-26T05:28:28.497Z","v":0}
{"name":"hexo","hostname":"mywifi.local","pid":10160,"level":20,"msg":"Processed: \u001b[35mlayout/_widget/tagcloud.ejs\u001b[39m","time":"2018-02-26T05:28:28.497Z","v":0}
{"name":"hexo","hostname":"mywifi.local","pid":10160,"level":20,"msg":"Processed: \u001b[35msource/css/fonts/fontawesome-webfont.svg\u001b[39m","time":"2018-02-26T05:28:28.498Z","v":0}
{"name":"hexo","hostname":"mywifi.local","pid":10160,"level":20,"msg":"Processed: \u001b[35msource/css/images/banner.jpg\u001b[39m","time":"2018-02-26T05:28:28.498Z","v":0}
{"name":"hexo","hostname":"mywifi.local","pid":10160,"level":20,"msg":"Processed: \u001b[35mlayout/_partial/post/category.ejs\u001b[39m","time":"2018-02-26T05:28:28.500Z","v":0}
{"name":"hexo","hostname":"mywifi.local","pid":10160,"level":20,"msg":"Processed: \u001b[35mlayout/_partial/post/date.ejs\u001b[39m","time":"2018-02-26T05:28:28.500Z","v":0}
{"name":"hexo","hostname":"mywifi.local","pid":10160,"level":20,"msg":"Processed: \u001b[35mlayout/_partial/post/gallery.ejs\u001b[39m","time":"2018-02-26T05:28:28.500Z","v":0}
{"name":"hexo","hostname":"mywifi.local","pid":10160,"level":20,"msg":"Processed: \u001b[35mlayout/_partial/post/nav.ejs\u001b[39m","time":"2018-02-26T05:28:28.500Z","v":0}
{"name":"hexo","hostname":"mywifi.local","pid":10160,"level":20,"msg":"Processed: \u001b[35mlayout/_partial/post/tag.ejs\u001b[39m","time":"2018-02-26T05:28:28.500Z","v":0}
{"name":"hexo","hostname":"mywifi.local","pid":10160,"level":20,"msg":"Processed: \u001b[35mlayout/_partial/post/title.ejs\u001b[39m","time":"2018-02-26T05:28:28.500Z","v":0}
{"name":"hexo","hostname":"mywifi.local","pid":10160,"level":60,"err":{"message":"parseAggregate: expected colon after dict key","name":"Template render error","stack":"Template render error: parseAggregate: expected colon after dict key\n    at Object._prettifyError (/Users/pentest/myblog/node_modules/nunjucks/src/lib.js:35:11)\n    at Template.render (/Users/pentest/myblog/node_modules/nunjucks/src/environment.js:526:21)\n    at Environment.renderString (/Users/pentest/myblog/node_modules/nunjucks/src/environment.js:364:17)\n    at /Users/pentest/myblog/node_modules/hexo/lib/extend/tag.js:66:9\n    at Promise._execute (/Users/pentest/myblog/node_modules/bluebird/js/release/debuggability.js:303:9)\n    at Promise._resolveFromExecutor (/Users/pentest/myblog/node_modules/bluebird/js/release/promise.js:483:18)\n    at new Promise (/Users/pentest/myblog/node_modules/bluebird/js/release/promise.js:79:10)\n    at Tag.render (/Users/pentest/myblog/node_modules/hexo/lib/extend/tag.js:64:10)\n    at Object.tagFilter [as onRenderEnd] (/Users/pentest/myblog/node_modules/hexo/lib/hexo/post.js:266:16)\n    at /Users/pentest/myblog/node_modules/hexo/lib/hexo/render.js:65:19\n    at tryCatcher (/Users/pentest/myblog/node_modules/bluebird/js/release/util.js:16:23)\n    at Promise._settlePromiseFromHandler (/Users/pentest/myblog/node_modules/bluebird/js/release/promise.js:512:31)\n    at Promise._settlePromise (/Users/pentest/myblog/node_modules/bluebird/js/release/promise.js:569:18)\n    at Promise._settlePromise0 (/Users/pentest/myblog/node_modules/bluebird/js/release/promise.js:614:10)\n    at Promise._settlePromises (/Users/pentest/myblog/node_modules/bluebird/js/release/promise.js:693:18)\n    at Async._drainQueue (/Users/pentest/myblog/node_modules/bluebird/js/release/async.js:133:16)\n    at Async._drainQueues (/Users/pentest/myblog/node_modules/bluebird/js/release/async.js:143:10)\n    at Immediate.Async.drainQueues [as _onImmediate] (/Users/pentest/myblog/node_modules/bluebird/js/release/async.js:17:14)\n    at runCallback (timers.js:789:20)\n    at tryOnImmediate (timers.js:751:5)\n    at processImmediate [as _immediateCallback] (timers.js:722:5)"},"msg":"Something's wrong. Maybe you can find the solution here: \u001b[4mhttp://hexo.io/docs/troubleshooting.html\u001b[24m","time":"2018-02-26T05:28:29.097Z","v":0}
{"name":"hexo","hostname":"mywifi.local","pid":10160,"level":20,"msg":"Database saved","time":"2018-02-26T05:28:29.301Z","v":0}
